{"/Users/macc/Desktop/travel-planner-api-test/src/datasources/openMeteo.ts": {"path":"/Users/macc/Desktop/travel-planner-api-test/src/datasources/openMeteo.ts","statementMap":{"0":{"start":{"line":1,"column":0},"end":{"line":1,"column":24}},"1":{"start":{"line":3,"column":17},"end":{"line":3,"column":80}},"2":{"start":{"line":4,"column":22},"end":{"line":4,"column":60}},"3":{"start":{"line":5,"column":18},"end":{"line":5,"column":31}},"4":{"start":{"line":7,"column":14},"end":{"line":7,"column":63}},"5":{"start":{"line":9,"column":14},"end":{"line":9,"column":71}},"6":{"start":{"line":9,"column":30},"end":{"line":9,"column":71}},"7":{"start":{"line":9,"column":51},"end":{"line":9,"column":70}},"8":{"start":{"line":11,"column":22},"end":{"line":22,"column":2}},"9":{"start":{"line":24,"column":22},"end":{"line":32,"column":2}},"10":{"start":{"line":36,"column":4},"end":{"line":45,"column":5}},"11":{"start":{"line":36,"column":17},"end":{"line":36,"column":18}},"12":{"start":{"line":37,"column":6},"end":{"line":44,"column":7}},"13":{"start":{"line":38,"column":20},"end":{"line":38,"column":36}},"14":{"start":{"line":39,"column":8},"end":{"line":39,"column":59}},"15":{"start":{"line":39,"column":21},"end":{"line":39,"column":59}},"16":{"start":{"line":40,"column":8},"end":{"line":40,"column":32}},"17":{"start":{"line":42,"column":8},"end":{"line":42,"column":37}},"18":{"start":{"line":42,"column":27},"end":{"line":42,"column":37}},"19":{"start":{"line":43,"column":8},"end":{"line":43,"column":35}},"20":{"start":{"line":49,"column":18},"end":{"line":49,"column":32}},"21":{"start":{"line":50,"column":4},"end":{"line":50,"column":63}},"22":{"start":{"line":50,"column":45},"end":{"line":50,"column":63}},"23":{"start":{"line":51,"column":4},"end":{"line":51,"column":22}},"24":{"start":{"line":52,"column":4},"end":{"line":52,"column":16}},"25":{"start":{"line":56,"column":4},"end":{"line":56,"column":62}},"26":{"start":{"line":60,"column":16},"end":{"line":60,"column":34}},"27":{"start":{"line":61,"column":19},"end":{"line":61,"column":37}},"28":{"start":{"line":62,"column":4},"end":{"line":62,"column":30}},"29":{"start":{"line":62,"column":16},"end":{"line":62,"column":30}},"30":{"start":{"line":63,"column":16},"end":{"line":63,"column":111}},"31":{"start":{"line":64,"column":17},"end":{"line":64,"column":47}},"32":{"start":{"line":65,"column":19},"end":{"line":65,"column":48}},"33":{"start":{"line":66,"column":4},"end":{"line":66,"column":69}},"34":{"start":{"line":66,"column":25},"end":{"line":66,"column":69}},"35":{"start":{"line":67,"column":4},"end":{"line":67,"column":44}},"36":{"start":{"line":68,"column":4},"end":{"line":68,"column":31}},"37":{"start":{"line":72,"column":16},"end":{"line":72,"column":39}},"38":{"start":{"line":73,"column":19},"end":{"line":73,"column":37}},"39":{"start":{"line":74,"column":4},"end":{"line":74,"column":30}},"40":{"start":{"line":74,"column":16},"end":{"line":74,"column":30}},"41":{"start":{"line":75,"column":16},"end":{"line":75,"column":178}},"42":{"start":{"line":76,"column":17},"end":{"line":76,"column":47}},"43":{"start":{"line":77,"column":19},"end":{"line":77,"column":48}},"44":{"start":{"line":78,"column":4},"end":{"line":78,"column":69}},"45":{"start":{"line":78,"column":25},"end":{"line":78,"column":69}},"46":{"start":{"line":79,"column":4},"end":{"line":79,"column":42}},"47":{"start":{"line":80,"column":4},"end":{"line":80,"column":29}},"48":{"start":{"line":84,"column":13},"end":{"line":84,"column":51}}},"fnMap":{"0":{"name":"(anonymous_0)","decl":{"start":{"line":9,"column":14},"end":{"line":9,"column":15}},"loc":{"start":{"line":9,"column":30},"end":{"line":9,"column":71}}},"1":{"name":"(anonymous_1)","decl":{"start":{"line":9,"column":42},"end":{"line":9,"column":43}},"loc":{"start":{"line":9,"column":51},"end":{"line":9,"column":70}}},"2":{"name":"(anonymous_2)","decl":{"start":{"line":35,"column":10},"end":{"line":35,"column":15}},"loc":{"start":{"line":35,"column":55},"end":{"line":46,"column":3}}},"3":{"name":"(anonymous_3)","decl":{"start":{"line":48,"column":10},"end":{"line":48,"column":18}},"loc":{"start":{"line":48,"column":30},"end":{"line":53,"column":3}}},"4":{"name":"(anonymous_4)","decl":{"start":{"line":55,"column":10},"end":{"line":55,"column":18}},"loc":{"start":{"line":55,"column":41},"end":{"line":57,"column":3}}},"5":{"name":"(anonymous_5)","decl":{"start":{"line":59,"column":2},"end":{"line":59,"column":7}},"loc":{"start":{"line":59,"column":33},"end":{"line":69,"column":3}}},"6":{"name":"(anonymous_6)","decl":{"start":{"line":71,"column":2},"end":{"line":71,"column":7}},"loc":{"start":{"line":71,"column":43},"end":{"line":81,"column":3}}}},"branchMap":{"0":{"loc":{"start":{"line":3,"column":17},"end":{"line":3,"column":80}},"type":"binary-expr","locations":[{"start":{"line":3,"column":17},"end":{"line":3,"column":48}},{"start":{"line":3,"column":52},"end":{"line":3,"column":80}}]},"1":{"loc":{"start":{"line":35,"column":44},"end":{"line":35,"column":55}},"type":"default-arg","locations":[{"start":{"line":35,"column":54},"end":{"line":35,"column":55}}]},"2":{"loc":{"start":{"line":39,"column":8},"end":{"line":39,"column":59}},"type":"if","locations":[{"start":{"line":39,"column":8},"end":{"line":39,"column":59}},{"start":{},"end":{}}]},"3":{"loc":{"start":{"line":42,"column":8},"end":{"line":42,"column":37}},"type":"if","locations":[{"start":{"line":42,"column":8},"end":{"line":42,"column":37}},{"start":{},"end":{}}]},"4":{"loc":{"start":{"line":50,"column":4},"end":{"line":50,"column":63}},"type":"if","locations":[{"start":{"line":50,"column":4},"end":{"line":50,"column":63}},{"start":{},"end":{}}]},"5":{"loc":{"start":{"line":50,"column":8},"end":{"line":50,"column":43}},"type":"binary-expr","locations":[{"start":{"line":50,"column":8},"end":{"line":50,"column":13}},{"start":{"line":50,"column":17},"end":{"line":50,"column":43}}]},"6":{"loc":{"start":{"line":62,"column":4},"end":{"line":62,"column":30}},"type":"if","locations":[{"start":{"line":62,"column":4},"end":{"line":62,"column":30}},{"start":{},"end":{}}]},"7":{"loc":{"start":{"line":66,"column":4},"end":{"line":66,"column":69}},"type":"if","locations":[{"start":{"line":66,"column":4},"end":{"line":66,"column":69}},{"start":{},"end":{}}]},"8":{"loc":{"start":{"line":74,"column":4},"end":{"line":74,"column":30}},"type":"if","locations":[{"start":{"line":74,"column":4},"end":{"line":74,"column":30}},{"start":{},"end":{}}]},"9":{"loc":{"start":{"line":78,"column":4},"end":{"line":78,"column":69}},"type":"if","locations":[{"start":{"line":78,"column":4},"end":{"line":78,"column":69}},{"start":{},"end":{}}]}},"s":{"0":2,"1":2,"2":2,"3":2,"4":2,"5":2,"6":0,"7":0,"8":2,"9":2,"10":3,"11":3,"12":3,"13":3,"14":3,"15":0,"16":3,"17":0,"18":0,"19":0,"20":3,"21":3,"22":0,"23":3,"24":3,"25":3,"26":2,"27":2,"28":2,"29":0,"30":2,"31":2,"32":2,"33":2,"34":0,"35":2,"36":2,"37":1,"38":1,"39":1,"40":0,"41":1,"42":1,"43":1,"44":1,"45":0,"46":1,"47":1,"48":2},"f":{"0":0,"1":0,"2":3,"3":3,"4":3,"5":2,"6":1},"b":{"0":[2,2],"1":[3],"2":[0,3],"3":[0,0],"4":[0,3],"5":[3,0],"6":[0,2],"7":[0,2],"8":[0,1],"9":[0,1]}}
,"/Users/macc/Desktop/travel-planner-api-test/src/graphql/resolvers.ts": {"path":"/Users/macc/Desktop/travel-planner-api-test/src/graphql/resolvers.ts","statementMap":{"0":{"start":{"line":1,"column":0},"end":{"line":1,"column":56}},"1":{"start":{"line":2,"column":0},"end":{"line":2,"column":75}},"2":{"start":{"line":3,"column":0},"end":{"line":3,"column":61}},"3":{"start":{"line":5,"column":13},"end":{"line":19,"column":2}},"4":{"start":{"line":8,"column":21},"end":{"line":8,"column":47}},"5":{"start":{"line":9,"column":6},"end":{"line":9,"column":32}},"6":{"start":{"line":10,"column":6},"end":{"line":10,"column":20}},"7":{"start":{"line":13,"column":6},"end":{"line":13,"column":40}},"8":{"start":{"line":16,"column":6},"end":{"line":16,"column":36}}},"fnMap":{"0":{"name":"(anonymous_0)","decl":{"start":{"line":7,"column":19},"end":{"line":7,"column":24}},"loc":{"start":{"line":7,"column":66},"end":{"line":11,"column":5}}},"1":{"name":"(anonymous_1)","decl":{"start":{"line":12,"column":13},"end":{"line":12,"column":18}},"loc":{"start":{"line":12,"column":62},"end":{"line":14,"column":5}}},"2":{"name":"(anonymous_2)","decl":{"start":{"line":15,"column":16},"end":{"line":15,"column":21}},"loc":{"start":{"line":15,"column":65},"end":{"line":17,"column":5}}}},"branchMap":{},"s":{"0":1,"1":1,"2":1,"3":1,"4":1,"5":1,"6":1,"7":0,"8":1},"f":{"0":1,"1":0,"2":1},"b":{}}
,"/Users/macc/Desktop/travel-planner-api-test/src/services/activityService.ts": {"path":"/Users/macc/Desktop/travel-planner-api-test/src/services/activityService.ts","statementMap":{"0":{"start":{"line":1,"column":0},"end":{"line":1,"column":54}},"1":{"start":{"line":4,"column":30},"end":{"line":34,"column":1}},"2":{"start":{"line":5,"column":19},"end":{"line":5,"column":51}},"3":{"start":{"line":6,"column":15},"end":{"line":6,"column":29}},"4":{"start":{"line":9,"column":15},"end":{"line":9,"column":16}},"5":{"start":{"line":9,"column":28},"end":{"line":9,"column":29}},"6":{"start":{"line":9,"column":40},"end":{"line":9,"column":41}},"7":{"start":{"line":9,"column":53},"end":{"line":9,"column":54}},"8":{"start":{"line":10,"column":21},"end":{"line":10,"column":23}},"9":{"start":{"line":10,"column":41},"end":{"line":10,"column":43}},"10":{"start":{"line":10,"column":60},"end":{"line":10,"column":62}},"11":{"start":{"line":10,"column":80},"end":{"line":10,"column":82}},"12":{"start":{"line":12,"column":2},"end":{"line":21,"column":5}},"13":{"start":{"line":14,"column":4},"end":{"line":14,"column":66}},"14":{"start":{"line":14,"column":57},"end":{"line":14,"column":66}},"15":{"start":{"line":16,"column":4},"end":{"line":16,"column":68}},"16":{"start":{"line":16,"column":58},"end":{"line":16,"column":68}},"17":{"start":{"line":18,"column":4},"end":{"line":18,"column":95}},"18":{"start":{"line":18,"column":85},"end":{"line":18,"column":95}},"19":{"start":{"line":20,"column":4},"end":{"line":20,"column":90}},"20":{"start":{"line":20,"column":81},"end":{"line":20,"column":90}},"21":{"start":{"line":23,"column":2},"end":{"line":23,"column":62}},"22":{"start":{"line":24,"column":2},"end":{"line":24,"column":64}},"23":{"start":{"line":25,"column":2},"end":{"line":25,"column":59}},"24":{"start":{"line":26,"column":2},"end":{"line":26,"column":63}},"25":{"start":{"line":28,"column":2},"end":{"line":33,"column":4}},"26":{"start":{"line":4,"column":13},"end":{"line":4,"column":30}}},"fnMap":{"0":{"name":"(anonymous_0)","decl":{"start":{"line":4,"column":30},"end":{"line":4,"column":35}},"loc":{"start":{"line":4,"column":83},"end":{"line":34,"column":1}}},"1":{"name":"(anonymous_1)","decl":{"start":{"line":12,"column":15},"end":{"line":12,"column":18}},"loc":{"start":{"line":12,"column":21},"end":{"line":21,"column":3}}}},"branchMap":{"0":{"loc":{"start":{"line":14,"column":4},"end":{"line":14,"column":66}},"type":"if","locations":[{"start":{"line":14,"column":4},"end":{"line":14,"column":66}},{"start":{},"end":{}}]},"1":{"loc":{"start":{"line":14,"column":8},"end":{"line":14,"column":55}},"type":"binary-expr","locations":[{"start":{"line":14,"column":8},"end":{"line":14,"column":30}},{"start":{"line":14,"column":34},"end":{"line":14,"column":55}}]},"2":{"loc":{"start":{"line":16,"column":4},"end":{"line":16,"column":68}},"type":"if","locations":[{"start":{"line":16,"column":4},"end":{"line":16,"column":68}},{"start":{},"end":{}}]},"3":{"loc":{"start":{"line":16,"column":8},"end":{"line":16,"column":56}},"type":"binary-expr","locations":[{"start":{"line":16,"column":8},"end":{"line":16,"column":31}},{"start":{"line":16,"column":35},"end":{"line":16,"column":56}}]},"4":{"loc":{"start":{"line":18,"column":4},"end":{"line":18,"column":95}},"type":"if","locations":[{"start":{"line":18,"column":4},"end":{"line":18,"column":95}},{"start":{},"end":{}}]},"5":{"loc":{"start":{"line":18,"column":8},"end":{"line":18,"column":83}},"type":"binary-expr","locations":[{"start":{"line":18,"column":8},"end":{"line":18,"column":31}},{"start":{"line":18,"column":35},"end":{"line":18,"column":58}},{"start":{"line":18,"column":62},"end":{"line":18,"column":83}}]},"6":{"loc":{"start":{"line":20,"column":4},"end":{"line":20,"column":90}},"type":"if","locations":[{"start":{"line":20,"column":4},"end":{"line":20,"column":90}},{"start":{},"end":{}}]},"7":{"loc":{"start":{"line":20,"column":8},"end":{"line":20,"column":79}},"type":"binary-expr","locations":[{"start":{"line":20,"column":8},"end":{"line":20,"column":29}},{"start":{"line":20,"column":33},"end":{"line":20,"column":55}},{"start":{"line":20,"column":59},"end":{"line":20,"column":79}}]}},"s":{"0":1,"1":1,"2":1,"3":1,"4":1,"5":1,"6":1,"7":1,"8":1,"9":1,"10":1,"11":1,"12":1,"13":7,"14":3,"15":7,"16":0,"17":7,"18":0,"19":7,"20":0,"21":1,"22":1,"23":1,"24":1,"25":1,"26":1},"f":{"0":1,"1":7},"b":{"0":[3,4],"1":[7,3],"2":[0,7],"3":[7,0],"4":[0,7],"5":[7,0,0],"6":[0,7],"7":[7,7,7]}}
,"/Users/macc/Desktop/travel-planner-api-test/src/services/cityService.ts": {"path":"/Users/macc/Desktop/travel-planner-api-test/src/services/cityService.ts","statementMap":{"0":{"start":{"line":1,"column":0},"end":{"line":1,"column":53}},"1":{"start":{"line":2,"column":0},"end":{"line":2,"column":34}},"2":{"start":{"line":5,"column":25},"end":{"line":5,"column":27}},"3":{"start":{"line":7,"column":29},"end":{"line":15,"column":1}},"4":{"start":{"line":8,"column":16},"end":{"line":8,"column":37}},"5":{"start":{"line":9,"column":2},"end":{"line":9,"column":59}},"6":{"start":{"line":9,"column":49},"end":{"line":9,"column":59}},"7":{"start":{"line":10,"column":18},"end":{"line":10,"column":52}},"8":{"start":{"line":12,"column":2},"end":{"line":14,"column":4}},"9":{"start":{"line":13,"column":4},"end":{"line":13,"column":56}},"10":{"start":{"line":7,"column":13},"end":{"line":7,"column":29}}},"fnMap":{"0":{"name":"(anonymous_1)","decl":{"start":{"line":7,"column":29},"end":{"line":7,"column":34}},"loc":{"start":{"line":7,"column":80},"end":{"line":15,"column":1}}},"1":{"name":"(anonymous_2)","decl":{"start":{"line":12,"column":24},"end":{"line":12,"column":25}},"loc":{"start":{"line":13,"column":4},"end":{"line":13,"column":56}}}},"branchMap":{"0":{"loc":{"start":{"line":9,"column":2},"end":{"line":9,"column":59}},"type":"if","locations":[{"start":{"line":9,"column":2},"end":{"line":9,"column":59}},{"start":{},"end":{}}]},"1":{"loc":{"start":{"line":9,"column":6},"end":{"line":9,"column":47}},"type":"binary-expr","locations":[{"start":{"line":9,"column":6},"end":{"line":9,"column":12}},{"start":{"line":9,"column":16},"end":{"line":9,"column":47}}]}},"s":{"0":2,"1":2,"2":2,"3":2,"4":4,"5":4,"6":2,"7":2,"8":2,"9":3,"10":2},"f":{"0":4,"1":3},"b":{"0":[2,2],"1":[4,3]}}
,"/Users/macc/Desktop/travel-planner-api-test/src/services/weatherService.ts": {"path":"/Users/macc/Desktop/travel-planner-api-test/src/services/weatherService.ts","statementMap":{"0":{"start":{"line":1,"column":0},"end":{"line":1,"column":53}},"1":{"start":{"line":5,"column":18},"end":{"line":5,"column":51}},"2":{"start":{"line":7,"column":25},"end":{"line":9,"column":1}},"3":{"start":{"line":8,"column":2},"end":{"line":8,"column":42}},"4":{"start":{"line":7,"column":13},"end":{"line":7,"column":25}},"5":{"start":{"line":11,"column":34},"end":{"line":25,"column":1}},"6":{"start":{"line":12,"column":15},"end":{"line":12,"column":36}},"7":{"start":{"line":13,"column":2},"end":{"line":13,"column":47}},"8":{"start":{"line":13,"column":13},"end":{"line":13,"column":47}},"9":{"start":{"line":14,"column":16},"end":{"line":14,"column":73}},"10":{"start":{"line":15,"column":2},"end":{"line":24,"column":4}},"11":{"start":{"line":17,"column":56},"end":{"line":23,"column":6}},"12":{"start":{"line":11,"column":13},"end":{"line":11,"column":34}}},"fnMap":{"0":{"name":"(anonymous_0)","decl":{"start":{"line":7,"column":25},"end":{"line":7,"column":26}},"loc":{"start":{"line":7,"column":50},"end":{"line":9,"column":1}}},"1":{"name":"(anonymous_1)","decl":{"start":{"line":11,"column":34},"end":{"line":11,"column":39}},"loc":{"start":{"line":11,"column":85},"end":{"line":25,"column":1}}},"2":{"name":"(anonymous_2)","decl":{"start":{"line":17,"column":26},"end":{"line":17,"column":27}},"loc":{"start":{"line":17,"column":56},"end":{"line":23,"column":6}}}},"branchMap":{"0":{"loc":{"start":{"line":13,"column":2},"end":{"line":13,"column":47}},"type":"if","locations":[{"start":{"line":13,"column":2},"end":{"line":13,"column":47}},{"start":{},"end":{}}]}},"s":{"0":1,"1":1,"2":1,"3":1,"4":1,"5":1,"6":1,"7":1,"8":0,"9":1,"10":1,"11":7,"12":1},"f":{"0":1,"1":1,"2":7},"b":{"0":[0,1]}}
,"/Users/macc/Desktop/travel-planner-api-test/src/types/graphql.ts": {"path":"/Users/macc/Desktop/travel-planner-api-test/src/types/graphql.ts","statementMap":{"0":{"start":{"line":1,"column":13},"end":{"line":35,"column":2}}},"fnMap":{},"branchMap":{},"s":{"0":1},"f":{},"b":{}}
}
