TN:
SF:src/datasources/openMeteo.ts
FN:9,(anonymous_0)
FN:9,(anonymous_1)
FN:35,(anonymous_2)
FN:48,(anonymous_3)
FN:55,(anonymous_4)
FN:59,(anonymous_5)
FN:71,(anonymous_6)
FNF:7
FNH:5
FNDA:0,(anonymous_0)
FNDA:0,(anonymous_1)
FNDA:3,(anonymous_2)
FNDA:3,(anonymous_3)
FNDA:3,(anonymous_4)
FNDA:2,(anonymous_5)
FNDA:1,(anonymous_6)
DA:1,2
DA:3,2
DA:4,2
DA:5,2
DA:7,2
DA:9,2
DA:11,2
DA:24,2
DA:36,3
DA:37,3
DA:38,3
DA:39,3
DA:40,3
DA:42,0
DA:43,0
DA:49,3
DA:50,3
DA:51,3
DA:52,3
DA:56,3
DA:60,2
DA:61,2
DA:62,2
DA:63,2
DA:64,2
DA:65,2
DA:66,2
DA:67,2
DA:68,2
DA:72,1
DA:73,1
DA:74,1
DA:75,1
DA:76,1
DA:77,1
DA:78,1
DA:79,1
DA:80,1
DA:84,2
LF:39
LH:37
BRDA:3,0,0,2
BRDA:3,0,1,2
BRDA:35,1,0,3
BRDA:39,2,0,0
BRDA:39,2,1,3
BRDA:42,3,0,0
BRDA:42,3,1,0
BRDA:50,4,0,0
BRDA:50,4,1,3
BRDA:50,5,0,3
BRDA:50,5,1,0
BRDA:62,6,0,0
BRDA:62,6,1,2
BRDA:66,7,0,0
BRDA:66,7,1,2
BRDA:74,8,0,0
BRDA:74,8,1,1
BRDA:78,9,0,0
BRDA:78,9,1,1
BRF:19
BRH:10
end_of_record
TN:
SF:src/graphql/resolvers.ts
FN:7,(anonymous_0)
FN:12,(anonymous_1)
FN:15,(anonymous_2)
FNF:3
FNH:2
FNDA:1,(anonymous_0)
FNDA:0,(anonymous_1)
FNDA:1,(anonymous_2)
DA:1,1
DA:2,1
DA:3,1
DA:5,1
DA:8,1
DA:9,1
DA:10,1
DA:13,0
DA:16,1
LF:9
LH:8
BRF:0
BRH:0
end_of_record
TN:
SF:src/services/activityService.ts
FN:4,(anonymous_0)
FN:12,(anonymous_1)
FNF:2
FNH:2
FNDA:1,(anonymous_0)
FNDA:7,(anonymous_1)
DA:1,1
DA:4,1
DA:5,1
DA:6,1
DA:9,1
DA:10,1
DA:12,1
DA:14,7
DA:16,7
DA:18,7
DA:20,7
DA:23,1
DA:24,1
DA:25,1
DA:26,1
DA:28,1
LF:16
LH:16
BRDA:14,0,0,3
BRDA:14,0,1,4
BRDA:14,1,0,7
BRDA:14,1,1,3
BRDA:16,2,0,0
BRDA:16,2,1,7
BRDA:16,3,0,7
BRDA:16,3,1,0
BRDA:18,4,0,0
BRDA:18,4,1,7
BRDA:18,5,0,7
BRDA:18,5,1,0
BRDA:18,5,2,0
BRDA:20,6,0,0
BRDA:20,6,1,7
BRDA:20,7,0,7
BRDA:20,7,1,7
BRDA:20,7,2,7
BRF:18
BRH:12
end_of_record
TN:
SF:src/services/cityService.ts
FN:7,(anonymous_1)
FN:12,(anonymous_2)
FNF:2
FNH:2
FNDA:4,(anonymous_1)
FNDA:3,(anonymous_2)
DA:1,2
DA:2,2
DA:5,2
DA:7,2
DA:8,4
DA:9,4
DA:10,2
DA:12,2
DA:13,3
LF:9
LH:9
BRDA:9,0,0,2
BRDA:9,0,1,2
BRDA:9,1,0,4
BRDA:9,1,1,3
BRF:4
BRH:4
end_of_record
TN:
SF:src/services/weatherService.ts
FN:7,(anonymous_0)
FN:11,(anonymous_1)
FN:17,(anonymous_2)
FNF:3
FNH:3
FNDA:1,(anonymous_0)
FNDA:1,(anonymous_1)
FNDA:7,(anonymous_2)
DA:1,1
DA:5,1
DA:7,1
DA:8,1
DA:11,1
DA:12,1
DA:13,1
DA:14,1
DA:15,1
DA:17,7
LF:10
LH:10
BRDA:13,0,0,0
BRDA:13,0,1,1
BRF:2
BRH:1
end_of_record
TN:
SF:src/types/graphql.ts
FNF:0
FNH:0
DA:1,1
LF:1
LH:1
BRF:0
BRH:0
end_of_record
